<html>
<body>
<pre>
<h1>Vision Build Log</h1>
<h2>Tool Versions:</h2>
IDE-Version: μVision V5.28.0.0
Copyright (C) 2019 ARM Ltd and ARM Germany GmbH. All rights reserved.
License Information: 1 1, 1, LIC=JL2Z9-4QB2L-3MJ9Q-NE9E3-FH8ES-BA8Y1
 
Tool Versions:
Toolchain:       MDK-ARM Plus  Version: 5.28.0.0
Toolchain Path:  C:\Keil_v5\ARM\ARMCC\Bin
C Compiler:      Armcc.exe V5.06 update 6 (build 750)
Assembler:       Armasm.exe V5.06 update 6 (build 750)
Linker/Locator:  ArmLink.exe V5.06 update 6 (build 750)
Library Manager: ArmAr.exe V5.06 update 6 (build 750)
Hex Converter:   FromElf.exe V5.06 update 6 (build 750)
CPU DLL:         SARMCM3.DLL V5.28.0.0
Dialog DLL:      DCM.DLL V1.17.3.0
Target DLL:      STLink\ST-LINKIII-KEIL_SWO.dll V3.0.6.0
Dialog DLL:      TCM.DLL V1.36.2.0
 
<h2>Project:</h2>
E:\MCU\A_Project\STM32CubeMX\Temperature\MDK-ARM\Temperature.uvprojx
Project File Date:  01/31/2020

<h2>Output:</h2>
*** Using Compiler 'V5.06 update 6 (build 750)', folder: 'C:\Keil_v5\ARM\ARMCC\Bin'
Build target 'Temperature'
compiling usart.c...
compiling gpio.c...
compiling stm32f1xx_it.c...
compiling stm32f1xx_hal_gpio_ex.c...
compiling stm32f1xx_hal_tim.c...
compiling stm32f1xx_hal_msp.c...
compiling stm32f1xx_hal_tim_ex.c...
compiling stm32f1xx_hal.c...
compiling stm32f1xx_hal_uart.c...
compiling stm32f1xx_hal_gpio.c...
compiling stm32f1xx_hal_rcc_ex.c...
compiling stm32f1xx_hal_rcc.c...
compiling stm32f1xx_hal_cortex.c...
compiling stm32f1xx_hal_pwr.c...
compiling stm32f1xx_hal_dma.c...
compiling stm32f1xx_hal_exti.c...
compiling stm32f1xx_hal_flash.c...
compiling stm32f1xx_hal_flash_ex.c...
compiling 51_DHT21.c...
..\BSP\51_DHT21.c(27): error:  #20: identifier "sbit" is undefined
  sbit  P2_0  = P2^0 ;
..\BSP\51_DHT21.c(27): error:  #20: identifier "P2" is undefined
  sbit  P2_0  = P2^0 ;
..\BSP\51_DHT21.c(42): error:  #260-D: explicit type is missing ("int" assumed)
  SendData(U8 *a)
..\BSP\51_DHT21.c(50): error:  #20: identifier "SBUF" is undefined
  	SBUF=outdata[0];
..\BSP\51_DHT21.c(167): warning:  #951-D: return type of function "main" must be "int"
  void main()
..\BSP\51_DHT21.c(173): error:  #20: identifier "TMOD" is undefined
  	TMOD = 0x20;	  //定时器T1使用工作方式2
..\BSP\51_DHT21.c(174): error:  #20: identifier "TH1" is undefined
  	TH1 = 253;        // 设置初值
..\BSP\51_DHT21.c(175): error:  #20: identifier "TL1" is undefined
  	TL1 = 253;
..\BSP\51_DHT21.c(176): error:  #20: identifier "TR1" is undefined
  	TR1 = 1;          // 开始计时
..\BSP\51_DHT21.c(177): error:  #20: identifier "SCON" is undefined
  	SCON = 0x50;	  //工作方式1，波特率9600bps，允许接收   
..\BSP\51_DHT21.c(178): error:  #20: identifier "ES" is undefined
  	ES = 1;
..\BSP\51_DHT21.c(179): error:  #20: identifier "EA" is undefined
  	EA = 1;           // 打开所以中断   
..\BSP\51_DHT21.c(180): error:  #20: identifier "TI" is undefined
  	TI = 0;
..\BSP\51_DHT21.c(181): error:  #20: identifier "RI" is undefined
  	RI = 0;
..\BSP\51_DHT21.c(169): warning:  #177-D: variable "i"  was declared but never referenced
  	U8  i,j;
..\BSP\51_DHT21.c(169): warning:  #177-D: variable "j"  was declared but never referenced
  	U8  i,j;
..\BSP\51_DHT21.c(205): error:  #169: expected a declaration
  void RSINTR() interrupt 4 using 2
..\BSP\51_DHT21.c(227): warning:  #12-D: parsing restarts here after previous syntax error
  			count_r=0;
..\BSP\51_DHT21.c(228): error:  #169: expected a declaration
  		str[0]=indata[0];
..\BSP\51_DHT21.c(229): error:  #169: expected a declaration
  		 str[1]=indata[1];
..\BSP\51_DHT21.c(230): error:  #169: expected a declaration
  		   str[2]=indata[2];
..\BSP\51_DHT21.c(231): error:  #169: expected a declaration
  			 str[3]=indata[3];
..\BSP\51_DHT21.c(232): error:  #169: expected a declaration
  				 str[4]=indata[4];
..\BSP\51_DHT21.c(233): error:  #169: expected a declaration
  				 P0=0;
..\BSP\51_DHT21.c(234): error:  #130: expected a "{"
  		}
..\BSP\51_DHT21.c(235): error:  #169: expected a declaration
  	}
..\BSP\51_DHT21.c(237): warning: At end of source:  #12-D: parsing restarts here after previous syntax error
..\BSP\51_DHT21.c: 5 warnings, 22 errors
compiling system_stm32f1xx.c...
"Temperature\Temperature.axf" - 22 Error(s), 5 Warning(s).

<h2>Software Packages used:</h2>

Package Vendor: ARM
                http://www.keil.com/pack/ARM.CMSIS.5.5.1.pack
                ARM.CMSIS.5.5.1
                CMSIS (Cortex Microcontroller Software Interface Standard)
   * Component: CORE Version: 5.2.0

Package Vendor: Keil
                http://www.keil.com/pack/Keil.STM32F1xx_DFP.2.3.0.pack
                Keil.STM32F1xx_DFP.2.3.0
                STMicroelectronics STM32F1 Series Device Support, Drivers and Examples

<h2>Collection of Component include folders:</h2>
  .\RTE\_Temperature
  C:\Users\Administrator\AppData\Local\Arm\Packs\ARM\CMSIS\5.5.1\CMSIS\Core\Include
  C:\Users\Administrator\AppData\Local\Arm\Packs\Keil\STM32F1xx_DFP\2.3.0\Device\Include

<h2>Collection of Component Files used:</h2>

   * Component: ARM::CMSIS:CORE:5.2.0
Target not created.
Build Time Elapsed:  00:00:11
</pre>
</body>
</html>
